17:36:20: Creating resource group General
17:36:21: Registering ResourceManager for type Material
17:36:21: Registering ResourceManager for type Mesh
17:36:21: Registering ResourceManager for type Skeleton
17:36:21: Loading library libOgrePlatform.so
17:36:21: OverlayElementFactory for type Panel registered.
17:36:21: OverlayElementFactory for type BorderPanel registered.
17:36:21: OverlayElementFactory for type TextArea registered.
17:36:21: Registering ResourceManager for type Font
17:36:21: ArchiveFactory for archive type FileSystem registered.
17:36:21: ArchiveFactory for archive type Zip registered.
17:36:21: DevIL version: Developer's Image Library (DevIL) 1.6.7 Jun  5 2005
17:36:21: DevIL image formats: bmp dib cut dcx dds gif hdr ico cur jpg jpe jpeg lif mdl mng jng pcx pic pix png pbm pgm pnm ppm psd pdd psp pxr sgi bw rgb rgba tga vda icb vst tif tiff wal xpm raw 
17:36:21: Registering ResourceManager for type HighLevelGpuProgram
17:36:21: An exception has been thrown!

-----------------------------------
Details:
-----------------------------------
Error #: 8
Function: ConfigFile::load
Description: 'plugins.cfg' file not found!. 
File: OgreConfigFile.cpp
Line: 79
Stack unwinding: <<beginning of stack>>
17:36:21: plugins.cfg not found, automatic plugin loading disabled.
17:36:21: *-*-* OGRE Initialising
17:36:21: *-*-* Version 1.0.5 (Azathoth)
17:36:21: An exception has been thrown!

-----------------------------------
Details:
-----------------------------------
Error #: 8
Function: ConfigFile::load
Description: 'resources.cfg' file not found!. 
File: OgreConfigFile.cpp
Line: 79
Stack unwinding: <<beginning of stack>>
