18:31:12: Creating resource group General
18:31:12: Registering ResourceManager for type Material
18:31:12: Registering ResourceManager for type Mesh
18:31:12: Registering ResourceManager for type Skeleton
18:31:12: Loading library OgrePlatform.dll
18:31:12: OverlayElementFactory for type Panel registered.
18:31:12: OverlayElementFactory for type BorderPanel registered.
18:31:12: OverlayElementFactory for type TextArea registered.
18:31:12: Registering ResourceManager for type Font
18:31:12: ArchiveFactory for archive type FileSystem registered.
18:31:12: ArchiveFactory for archive type Zip registered.
18:31:12: DevIL version: Developer's Image Library (DevIL) 1.6.7 Oct 28 2005
18:31:12: DevIL image formats: bmp dib cut dcx dds gif hdr ico cur jpg jpe jpeg lif mdl mng jng pcx pic pix png pbm pgm pnm ppm psd pdd psp pxr sgi bw rgb rgba tga vda icb vst tif tiff wal xpm raw 
18:31:12: Registering ResourceManager for type HighLevelGpuProgram
18:31:12: MovableObjectFactory for type 'Entity' registered.
18:31:12: MovableObjectFactory for type 'Light' registered.
18:31:12: MovableObjectFactory for type 'BillboardSet' registered.
18:31:12: MovableObjectFactory for type 'ManualObject' registered.
18:31:12: Loading library .\RenderSystem_Direct3D9
18:31:12: D3D9 : Direct3D9 Rendering Subsystem created.
18:31:12: D3D9: Driver Detection Starts
18:31:12: D3D9: Driver Detection Ends
18:31:12: Loading library .\RenderSystem_GL
18:31:12: OpenGL Rendering Subsystem created.
18:31:12: Loading library .\Plugin_ParticleFX
18:31:12: Particle Emitter Type 'Point' registered
18:31:12: Particle Emitter Type 'Box' registered
18:31:12: Particle Emitter Type 'Ellipsoid' registered
18:31:12: Particle Emitter Type 'Cylinder' registered
18:31:12: Particle Emitter Type 'Ring' registered
18:31:12: Particle Emitter Type 'HollowEllipsoid' registered
18:31:12: Particle Affector Type 'LinearForce' registered
18:31:12: Particle Affector Type 'ColourFader' registered
18:31:12: Particle Affector Type 'ColourFader2' registered
18:31:12: Particle Affector Type 'ColourImage' registered
18:31:12: Particle Affector Type 'ColourInterpolator' registered
18:31:12: Particle Affector Type 'Scaler' registered
18:31:12: Particle Affector Type 'Rotator' registered
18:31:12: Loading library .\Plugin_BSPSceneManager
18:31:12: Registering ResourceManager for type BspLevel
18:31:12: Loading library .\Plugin_OctreeSceneManager
18:31:12: TerrainSceneManager: Registered a new PageSource for type Heightmap
18:31:12: Loading library .\Plugin_CgProgramManager
18:31:12: *-*-* OGRE Initialising
18:31:12: *-*-* Version 1.1.0 (Dagon)
18:31:12: Creating resource group Bootstrap
18:31:12: Added resource location '../../media/packs/OgreCore.zip' of type 'Zip' to resource group 'Bootstrap'
18:31:12: Added resource location '../../media' of type 'FileSystem' to resource group 'General'
18:31:12: Added resource location '../../media/fonts' of type 'FileSystem' to resource group 'General'
18:31:12: Added resource location '../../media/materials/programs' of type 'FileSystem' to resource group 'General'
18:31:12: Added resource location '../../media/materials/scripts' of type 'FileSystem' to resource group 'General'
18:31:12: Added resource location '../../media/materials/textures' of type 'FileSystem' to resource group 'General'
18:31:12: Added resource location '../../media/models' of type 'FileSystem' to resource group 'General'
18:31:12: Added resource location '../../media/overlays' of type 'FileSystem' to resource group 'General'
18:31:12: Added resource location '../../media/particle' of type 'FileSystem' to resource group 'General'
18:31:13: Added resource location '../../media/gui' of type 'FileSystem' to resource group 'General'
18:31:13: Added resource location '../../media/packs/cubemap.zip' of type 'Zip' to resource group 'General'
18:31:13: Added resource location '../../media/packs/cubemapsJS.zip' of type 'Zip' to resource group 'General'
18:31:13: Added resource location '../../media/packs/dragon.zip' of type 'Zip' to resource group 'General'
18:31:13: Added resource location '../../media/packs/fresneldemo.zip' of type 'Zip' to resource group 'General'
18:31:13: Added resource location '../../media/packs/ogretestmap.zip' of type 'Zip' to resource group 'General'
18:31:13: Added resource location '../../media/packs/skybox.zip' of type 'Zip' to resource group 'General'
18:31:13: D3D9 : RenderSystem Option: Anti aliasing = None
18:31:13: D3D9 : RenderSystem Option: Floating-point mode = Fastest
18:31:13: D3D9 : RenderSystem Option: Full Screen = No
18:31:13: D3D9 : RenderSystem Option: Rendering Device = ATI MOBILITY RADEON 7500
18:31:13: D3D9 : RenderSystem Option: VSync = No
18:31:13: D3D9 : RenderSystem Option: Video Mode = 800 x 600 @ 32-bit colour
18:31:13: D3D9 : Subsystem Initialising
18:31:13: D3D9RenderSystem::createRenderWindow "OGRE Render Window", 800x600 windowed  miscParams: FSAA=0 FSAAQuality=0 colourDepth=32 vsync=false 
18:31:13: D3D9 : Created D3D9 Rendering Window 'OGRE Render Window' : 800x600, 32bpp
18:31:13: Registering ResourceManager for type Texture
18:31:13: Registering ResourceManager for type GpuProgram
18:31:13: RenderSystem capabilities
18:31:13: -------------------------
18:31:13:  * Hardware generation of mipmaps: yes
18:31:13:  * Texture blending: yes
18:31:13:  * Anisotropic texture filtering: yes
18:31:13:  * Dot product texture operation: yes
18:31:13:  * Cube mapping: yes
18:31:13:  * Hardware stencil buffer: yes
18:31:13:    - Stencil depth: 8
18:31:13:    - Two sided stencil support: no
18:31:13:    - Wrap stencil values: yes
18:31:13:  * Hardware vertex / index buffers: yes
18:31:13:  * Vertex programs: yes
18:31:13:    - Max vertex program version: vs_1_1
18:31:13:  * Fragment programs: no
18:31:13:  * Texture Compression: yes
18:31:13:    - DXT: yes
18:31:13:    - VTC: no
18:31:13:  * Scissor Rectangle: yes
18:31:13:  * Hardware Occlusion Query: yes
18:31:13:  * User clip planes: yes
18:31:13:  * VET_UBYTE4 vertex element type: yes
18:31:13:  * Infinite far plane projection: yes
18:31:13:  * Hardware render-to-texture: yes
18:31:13:  * Floating point textures: no
18:31:13:  * Non-power-of-two textures: yes
18:31:13:  * Volume textures: yes
18:31:13:  * Multiple Render Targets: 1
18:31:13: ***************************************
18:31:13: *** D3D9 : Subsystem Initialised OK ***
18:31:13: ***************************************
18:31:13: ResourceBackgroundQueue - threading disabled
18:31:13: Particle Renderer Type 'billboard' registered
18:31:13: Creating viewport on target 'OGRE Render Window', rendering from camera 'PlayerCam', relative dimensions L: 0.00 T: 0.00 W: 1.00 H: 1.00 ZOrder: 0
18:31:13: Viewport for camera 'PlayerCam', actual dimensions L: 0 T: 0 W: 800 H: 600
18:31:13: Parsing scripts for resource group Bootstrap
18:31:13: Parsing script OgreCore.material
18:31:13: Parsing script OgreProfiler.material
18:31:13: Parsing script Ogre.fontdef
18:31:13: Parsing script OgreDebugPanel.overlay
18:31:13: Texture: New_Ogre_Border_Center.png: Loading 1 faces(PF_A8B8G8R8,256x128x1) with  hardware generated mipmaps from Image. Internal format is PF_A8R8G8B8,256x128x1.
18:31:13: Texture: New_Ogre_Border.png: Loading 1 faces(PF_A8B8G8R8,256x256x1) with  hardware generated mipmaps from Image. Internal format is PF_A8R8G8B8,256x256x1.
18:31:13: Texture: New_Ogre_Border_Break.png: Loading 1 faces(PF_A8B8G8R8,32x32x1) with  hardware generated mipmaps from Image. Internal format is PF_A8R8G8B8,32x32x1.
18:31:14: Font TrebuchetMSBoldusing texture size 512x512
18:31:14: Info: Freetype returned null for character 160 in font TrebuchetMSBold
18:31:14: Texture: TrebuchetMSBoldTexture: Loading 1 faces(PF_BYTE_LA,512x512x1) with 0 generated mipmaps from Image. Internal format is PF_BYTE_LA,512x512x1.
18:31:14: Texture: ogretext.png: Loading 1 faces(PF_A8B8G8R8,256x128x1) with  hardware generated mipmaps from Image. Internal format is PF_A8R8G8B8,256x128x1.
18:31:14: Parsing script OgreLoadingPanel.overlay
18:31:14: Finished parsing scripts for resource group Bootstrap
18:31:14: Parsing scripts for resource group General
18:31:14: Parsing script Examples.program
18:31:14: Parsing script Example-DynTex.material
18:31:14: Parsing script Example-Water.material
18:31:14: Parsing script Example.material
18:31:14: Parsing script Examples-Advanced.material
18:31:14: Parsing script OffsetMapping.material
18:31:14: Parsing script Ogre.material
18:31:14: Parsing script RZR-002.material
18:31:14: Parsing script smoke.material
18:31:14: Parsing script fresnelenviron.material
18:31:14: Parsing script sample.fontdef
18:31:14: Bad attribute line: glyph	 	0.152344	0.125	0.160156	0.1875 in font Ogre
18:31:14: Parsing script Example-Water.particle
18:31:14: Parsing script Example.particle
18:31:14: Parsing script smoke.particle
18:31:14: Parsing script DP3.overlay
18:31:14: Parsing script Example-CubeMapping.overlay
18:31:14: Parsing script Example-DynTex.overlay
18:31:14: Parsing script Example-Water.overlay
18:31:14: Parsing script Shadows.overlay
18:31:14: Finished parsing scripts for resource group General
18:31:14: Mesh: Loading robot.mesh.
18:31:14: Skeleton: Loading robot.skeleton
18:31:14: Texture: r2skin.jpg: Loading 1 faces(PF_B8G8R8,512x512x1) with  hardware generated mipmaps from Image. Internal format is PF_X8R8G8B8,512x512x1.
18:31:15: Mesh: Loading ninja.mesh.
18:31:15: Skeleton: Loading ninja.skeleton
18:31:15: Texture: nskingr.jpg: Loading 1 faces(PF_B8G8R8,512x512x1) with  hardware generated mipmaps from Image. Internal format is PF_X8R8G8B8,512x512x1.
18:31:15: Texture: TaharezLook.tga: Loading 1 faces(PF_A8R8G8B8,256x256x1) with 0 generated mipmaps from Image. Internal format is PF_A8R8G8B8,256x256x1.
18:31:15: Texture: _cegui_ogre_0: Loading 1 faces(PF_A8R8G8B8,32x32x1) with 0 generated mipmaps from Image. Internal format is PF_A8R8G8B8,32x32x1.
18:31:15: Texture: _cegui_ogre_1: Loading 1 faces(PF_A8R8G8B8,256x256x1) with 0 generated mipmaps from Image. Internal format is PF_A8R8G8B8,256x256x1.
18:31:16: Win32Input8: DirectInput Activation Starts
18:31:16: Win32Input8: Establishing keyboard input.
18:31:16: Win32Input8: Keyboard input established.
18:31:16: Win32Input8: Establishing mouse input.
18:31:16: Win32Input8: Mouse input established.
18:31:16: Win32Input8: DirectInput OK.
18:31:16: Texture: spot_shadow_fade.png: Loading 1 faces(PF_B8G8R8,128x128x1) with  hardware generated mipmaps from Image. Internal format is PF_X8R8G8B8,128x128x1.
