 ---------------------------------------------------------------------------------------------------------------------------------- 
|                                          Memory leak report for:  11/22/2005 13:39:14                                            |
 ---------------------------------------------------------------------------------------------------------------------------------- 


15 memory leaks found:

Alloc.   Addr       Size       Addr       Size                        BreakOn BreakOn              
Number Reported   Reported    Actual     Actual     Unused    Method  Dealloc Realloc Allocated by 
------ ---------- ---------- ---------- ---------- ---------- -------- ------- ------- --------------------------------------------------- 
000059 0x011EF4F8 0x0000001C 0x011EF4E8 0x0000003C 0x00000000 new         N       N    ??(0) ??
000075 0x011EF560 0x00000008 0x011EF550 0x00000028 0x00000000 new         N       N    any.hpp(123) boost::any::holder<struct boost::last_v
000049 0x012024F8 0x00000030 0x012024E8 0x00000050 0x00000000 new         N       N    ??(0) ??
000044 0x012070B0 0x00000024 0x012070A0 0x00000044 0x00000000 new         N       N    ??(0) ??
000077 0x012097D0 0x00000018 0x012097C0 0x00000038 0x00000000 new         N       N    ??(0) ??
000073 0x01209838 0x00000008 0x01209828 0x00000028 0x00000000 new         N       N    ??(0) ??
000074 0x0120AF70 0x0000001C 0x0120AF60 0x0000003C 0x00000000 new         N       N    ??(0) ??
000057 0x0120B560 0x00000020 0x0120B550 0x00000040 0x00000000 new         N       N    ??(0) ??
000058 0x0120B5D0 0x00000008 0x0120B5C0 0x00000028 0x00000000 new         N       N    ??(0) ??
000043 0x0120D898 0x00000028 0x0120D888 0x00000048 0x00000000 new         N       N    ??(0) ??
000051 0x01217020 0x00000001 0x01217010 0x00000021 0x00000000 new         N       N    ??(0) ??
000052 0x01218870 0x00000020 0x01218860 0x00000040 0x00000000 new         N       N    ??(0) ??
000072 0x01219BB8 0x00000020 0x01219BA8 0x00000040 0x00000000 new         N       N    ??(0) ??
000076 0x01219C28 0x00000010 0x01219C18 0x00000030 0x00000000 new         N       N    ??(0) ??
018766 0x012A6688 0x00000102 0x012A6678 0x00000122 0x00000000 new         N       N    ??(0) ??
